Determining if the pthread_create exist failed with the following output:
Change Dir: /afs/ec.auckland.ac.nz/users/a/b/abli008/unixhome/Desktop/desktop_workspace/build/CMakeFiles/CMakeTmp

Run Build Command:"/usr/bin/make" "cmTC_39084/fast"
/usr/bin/make -f CMakeFiles/cmTC_39084.dir/build.make CMakeFiles/cmTC_39084.dir/build
make[1]: Entering directory '/afs/ec.auckland.ac.nz/users/a/b/abli008/unixhome/Desktop/desktop_workspace/build/CMakeFiles/CMakeTmp'
Building C object CMakeFiles/cmTC_39084.dir/CheckSymbolExists.c.o
/usr/bin/cc     -o CMakeFiles/cmTC_39084.dir/CheckSymbolExists.c.o   -c /afs/ec.auckland.ac.nz/users/a/b/abli008/unixhome/Desktop/desktop_workspace/build/CMakeFiles/CMakeTmp/CheckSymbolExists.c
Linking C executable cmTC_39084
/usr/bin/cmake -E cmake_link_script CMakeFiles/cmTC_39084.dir/link.txt --verbose=1
/usr/bin/cc       CMakeFiles/cmTC_39084.dir/CheckSymbolExists.c.o  -o cmTC_39084 -rdynamic 
CMakeFiles/cmTC_39084.dir/CheckSymbolExists.c.o: In function `main':
CheckSymbolExists.c:(.text+0x16): undefined reference to `pthread_create'
collect2: error: ld returned 1 exit status
CMakeFiles/cmTC_39084.dir/build.make:97: recipe for target 'cmTC_39084' failed
make[1]: *** [cmTC_39084] Error 1
make[1]: Leaving directory '/afs/ec.auckland.ac.nz/users/a/b/abli008/unixhome/Desktop/desktop_workspace/build/CMakeFiles/CMakeTmp'
Makefile:126: recipe for target 'cmTC_39084/fast' failed
make: *** [cmTC_39084/fast] Error 2

File /afs/ec.auckland.ac.nz/users/a/b/abli008/unixhome/Desktop/desktop_workspace/build/CMakeFiles/CMakeTmp/CheckSymbolExists.c:
/* */
#include <pthread.h>

int main(int argc, char** argv)
{
  (void)argv;
#ifndef pthread_create
  return ((int*)(&pthread_create))[argc];
#else
  (void)argc;
  return 0;
#endif
}

Determining if the function pthread_create exists in the pthreads failed with the following output:
Change Dir: /afs/ec.auckland.ac.nz/users/a/b/abli008/unixhome/Desktop/desktop_workspace/build/CMakeFiles/CMakeTmp

Run Build Command:"/usr/bin/make" "cmTC_a676a/fast"
/usr/bin/make -f CMakeFiles/cmTC_a676a.dir/build.make CMakeFiles/cmTC_a676a.dir/build
make[1]: Entering directory '/afs/ec.auckland.ac.nz/users/a/b/abli008/unixhome/Desktop/desktop_workspace/build/CMakeFiles/CMakeTmp'
Building C object CMakeFiles/cmTC_a676a.dir/CheckFunctionExists.c.o
/usr/bin/cc    -DCHECK_FUNCTION_EXISTS=pthread_create   -o CMakeFiles/cmTC_a676a.dir/CheckFunctionExists.c.o   -c /usr/share/cmake-3.5/Modules/CheckFunctionExists.c
Linking C executable cmTC_a676a
/usr/bin/cmake -E cmake_link_script CMakeFiles/cmTC_a676a.dir/link.txt --verbose=1
/usr/bin/cc   -DCHECK_FUNCTION_EXISTS=pthread_create    CMakeFiles/cmTC_a676a.dir/CheckFunctionExists.c.o  -o cmTC_a676a -rdynamic -lpthreads 
/usr/bin/ld: cannot find -lpthreads
collect2: error: ld returned 1 exit status
CMakeFiles/cmTC_a676a.dir/build.make:97: recipe for target 'cmTC_a676a' failed
make[1]: *** [cmTC_a676a] Error 1
make[1]: Leaving directory '/afs/ec.auckland.ac.nz/users/a/b/abli008/unixhome/Desktop/desktop_workspace/build/CMakeFiles/CMakeTmp'
Makefile:126: recipe for target 'cmTC_a676a/fast' failed
make: *** [cmTC_a676a/fast] Error 2


Determining if the pthread_create exist failed with the following output:
Change Dir: /afs/ec.auckland.ac.nz/users/a/b/abli008/unixhome/Desktop/desktop_workspace/build/CMakeFiles/CMakeTmp

Run Build Command:"/usr/bin/make" "cmTC_0f821/fast"
/usr/bin/make -f CMakeFiles/cmTC_0f821.dir/build.make CMakeFiles/cmTC_0f821.dir/build
make[1]: Entering directory '/afs/ec.auckland.ac.nz/users/a/b/abli008/unixhome/Desktop/desktop_workspace/build/CMakeFiles/CMakeTmp'
Building C object CMakeFiles/cmTC_0f821.dir/CheckSymbolExists.c.o
/usr/bin/cc     -o CMakeFiles/cmTC_0f821.dir/CheckSymbolExists.c.o   -c /afs/ec.auckland.ac.nz/users/a/b/abli008/unixhome/Desktop/desktop_workspace/build/CMakeFiles/CMakeTmp/CheckSymbolExists.c
Linking C executable cmTC_0f821
/usr/bin/cmake -E cmake_link_script CMakeFiles/cmTC_0f821.dir/link.txt --verbose=1
/usr/bin/cc       CMakeFiles/cmTC_0f821.dir/CheckSymbolExists.c.o  -o cmTC_0f821 -rdynamic 
CMakeFiles/cmTC_0f821.dir/CheckSymbolExists.c.o: In function `main':
CheckSymbolExists.c:(.text+0x16): undefined reference to `pthread_create'
collect2: error: ld returned 1 exit status
CMakeFiles/cmTC_0f821.dir/build.make:97: recipe for target 'cmTC_0f821' failed
make[1]: *** [cmTC_0f821] Error 1
make[1]: Leaving directory '/afs/ec.auckland.ac.nz/users/a/b/abli008/unixhome/Desktop/desktop_workspace/build/CMakeFiles/CMakeTmp'
Makefile:126: recipe for target 'cmTC_0f821/fast' failed
make: *** [cmTC_0f821/fast] Error 2

File /afs/ec.auckland.ac.nz/users/a/b/abli008/unixhome/Desktop/desktop_workspace/build/CMakeFiles/CMakeTmp/CheckSymbolExists.c:
/* */
#include <pthread.h>

int main(int argc, char** argv)
{
  (void)argv;
#ifndef pthread_create
  return ((int*)(&pthread_create))[argc];
#else
  (void)argc;
  return 0;
#endif
}

Determining if the function pthread_create exists in the pthreads failed with the following output:
Change Dir: /afs/ec.auckland.ac.nz/users/a/b/abli008/unixhome/Desktop/desktop_workspace/build/CMakeFiles/CMakeTmp

Run Build Command:"/usr/bin/make" "cmTC_41a00/fast"
/usr/bin/make -f CMakeFiles/cmTC_41a00.dir/build.make CMakeFiles/cmTC_41a00.dir/build
make[1]: Entering directory '/afs/ec.auckland.ac.nz/users/a/b/abli008/unixhome/Desktop/desktop_workspace/build/CMakeFiles/CMakeTmp'
Building C object CMakeFiles/cmTC_41a00.dir/CheckFunctionExists.c.o
/usr/bin/cc    -DCHECK_FUNCTION_EXISTS=pthread_create   -o CMakeFiles/cmTC_41a00.dir/CheckFunctionExists.c.o   -c /usr/share/cmake-3.5/Modules/CheckFunctionExists.c
Linking C executable cmTC_41a00
/usr/bin/cmake -E cmake_link_script CMakeFiles/cmTC_41a00.dir/link.txt --verbose=1
/usr/bin/cc   -DCHECK_FUNCTION_EXISTS=pthread_create    CMakeFiles/cmTC_41a00.dir/CheckFunctionExists.c.o  -o cmTC_41a00 -rdynamic -lpthreads 
/usr/bin/ld: cannot find -lpthreads
collect2: error: ld returned 1 exit status
CMakeFiles/cmTC_41a00.dir/build.make:97: recipe for target 'cmTC_41a00' failed
make[1]: *** [cmTC_41a00] Error 1
make[1]: Leaving directory '/afs/ec.auckland.ac.nz/users/a/b/abli008/unixhome/Desktop/desktop_workspace/build/CMakeFiles/CMakeTmp'
Makefile:126: recipe for target 'cmTC_41a00/fast' failed
make: *** [cmTC_41a00/fast] Error 2


Determining if the pthread_create exist failed with the following output:
Change Dir: /afs/ec.auckland.ac.nz/users/a/b/abli008/unixhome/Desktop/desktop_workspace/build/CMakeFiles/CMakeTmp

Run Build Command:"/usr/bin/make" "cmTC_d38bd/fast"
/usr/bin/make -f CMakeFiles/cmTC_d38bd.dir/build.make CMakeFiles/cmTC_d38bd.dir/build
make[1]: Entering directory '/afs/ec.auckland.ac.nz/users/a/b/abli008/unixhome/Desktop/desktop_workspace/build/CMakeFiles/CMakeTmp'
Building C object CMakeFiles/cmTC_d38bd.dir/CheckSymbolExists.c.o
/usr/bin/cc     -o CMakeFiles/cmTC_d38bd.dir/CheckSymbolExists.c.o   -c /afs/ec.auckland.ac.nz/users/a/b/abli008/unixhome/Desktop/desktop_workspace/build/CMakeFiles/CMakeTmp/CheckSymbolExists.c
Linking C executable cmTC_d38bd
/usr/bin/cmake -E cmake_link_script CMakeFiles/cmTC_d38bd.dir/link.txt --verbose=1
/usr/bin/cc       CMakeFiles/cmTC_d38bd.dir/CheckSymbolExists.c.o  -o cmTC_d38bd -rdynamic 
CMakeFiles/cmTC_d38bd.dir/CheckSymbolExists.c.o: In function `main':
CheckSymbolExists.c:(.text+0x16): undefined reference to `pthread_create'
collect2: error: ld returned 1 exit status
CMakeFiles/cmTC_d38bd.dir/build.make:97: recipe for target 'cmTC_d38bd' failed
make[1]: *** [cmTC_d38bd] Error 1
make[1]: Leaving directory '/afs/ec.auckland.ac.nz/users/a/b/abli008/unixhome/Desktop/desktop_workspace/build/CMakeFiles/CMakeTmp'
Makefile:126: recipe for target 'cmTC_d38bd/fast' failed
make: *** [cmTC_d38bd/fast] Error 2

File /afs/ec.auckland.ac.nz/users/a/b/abli008/unixhome/Desktop/desktop_workspace/build/CMakeFiles/CMakeTmp/CheckSymbolExists.c:
/* */
#include <pthread.h>

int main(int argc, char** argv)
{
  (void)argv;
#ifndef pthread_create
  return ((int*)(&pthread_create))[argc];
#else
  (void)argc;
  return 0;
#endif
}

Determining if the function pthread_create exists in the pthreads failed with the following output:
Change Dir: /afs/ec.auckland.ac.nz/users/a/b/abli008/unixhome/Desktop/desktop_workspace/build/CMakeFiles/CMakeTmp

Run Build Command:"/usr/bin/make" "cmTC_dfa73/fast"
/usr/bin/make -f CMakeFiles/cmTC_dfa73.dir/build.make CMakeFiles/cmTC_dfa73.dir/build
make[1]: Entering directory '/afs/ec.auckland.ac.nz/users/a/b/abli008/unixhome/Desktop/desktop_workspace/build/CMakeFiles/CMakeTmp'
Building C object CMakeFiles/cmTC_dfa73.dir/CheckFunctionExists.c.o
/usr/bin/cc    -DCHECK_FUNCTION_EXISTS=pthread_create   -o CMakeFiles/cmTC_dfa73.dir/CheckFunctionExists.c.o   -c /usr/share/cmake-3.5/Modules/CheckFunctionExists.c
Linking C executable cmTC_dfa73
/usr/bin/cmake -E cmake_link_script CMakeFiles/cmTC_dfa73.dir/link.txt --verbose=1
/usr/bin/cc   -DCHECK_FUNCTION_EXISTS=pthread_create    CMakeFiles/cmTC_dfa73.dir/CheckFunctionExists.c.o  -o cmTC_dfa73 -rdynamic -lpthreads 
/usr/bin/ld: cannot find -lpthreads
collect2: error: ld returned 1 exit status
CMakeFiles/cmTC_dfa73.dir/build.make:97: recipe for target 'cmTC_dfa73' failed
make[1]: *** [cmTC_dfa73] Error 1
make[1]: Leaving directory '/afs/ec.auckland.ac.nz/users/a/b/abli008/unixhome/Desktop/desktop_workspace/build/CMakeFiles/CMakeTmp'
Makefile:126: recipe for target 'cmTC_dfa73/fast' failed
make: *** [cmTC_dfa73/fast] Error 2


Determining if the pthread_create exist failed with the following output:
Change Dir: /afs/ec.auckland.ac.nz/users/a/b/abli008/unixhome/Desktop/desktop_workspace/build/CMakeFiles/CMakeTmp

Run Build Command:"/usr/bin/make" "cmTC_64bea/fast"
/usr/bin/make -f CMakeFiles/cmTC_64bea.dir/build.make CMakeFiles/cmTC_64bea.dir/build
make[1]: Entering directory '/afs/ec.auckland.ac.nz/users/a/b/abli008/unixhome/Desktop/desktop_workspace/build/CMakeFiles/CMakeTmp'
Building C object CMakeFiles/cmTC_64bea.dir/CheckSymbolExists.c.o
/usr/bin/cc     -o CMakeFiles/cmTC_64bea.dir/CheckSymbolExists.c.o   -c /afs/ec.auckland.ac.nz/users/a/b/abli008/unixhome/Desktop/desktop_workspace/build/CMakeFiles/CMakeTmp/CheckSymbolExists.c
Linking C executable cmTC_64bea
/usr/bin/cmake -E cmake_link_script CMakeFiles/cmTC_64bea.dir/link.txt --verbose=1
/usr/bin/cc       CMakeFiles/cmTC_64bea.dir/CheckSymbolExists.c.o  -o cmTC_64bea -rdynamic 
CMakeFiles/cmTC_64bea.dir/CheckSymbolExists.c.o: In function `main':
CheckSymbolExists.c:(.text+0x16): undefined reference to `pthread_create'
collect2: error: ld returned 1 exit status
CMakeFiles/cmTC_64bea.dir/build.make:97: recipe for target 'cmTC_64bea' failed
make[1]: *** [cmTC_64bea] Error 1
make[1]: Leaving directory '/afs/ec.auckland.ac.nz/users/a/b/abli008/unixhome/Desktop/desktop_workspace/build/CMakeFiles/CMakeTmp'
Makefile:126: recipe for target 'cmTC_64bea/fast' failed
make: *** [cmTC_64bea/fast] Error 2

File /afs/ec.auckland.ac.nz/users/a/b/abli008/unixhome/Desktop/desktop_workspace/build/CMakeFiles/CMakeTmp/CheckSymbolExists.c:
/* */
#include <pthread.h>

int main(int argc, char** argv)
{
  (void)argv;
#ifndef pthread_create
  return ((int*)(&pthread_create))[argc];
#else
  (void)argc;
  return 0;
#endif
}

Determining if the function pthread_create exists in the pthreads failed with the following output:
Change Dir: /afs/ec.auckland.ac.nz/users/a/b/abli008/unixhome/Desktop/desktop_workspace/build/CMakeFiles/CMakeTmp

Run Build Command:"/usr/bin/make" "cmTC_c5bc6/fast"
/usr/bin/make -f CMakeFiles/cmTC_c5bc6.dir/build.make CMakeFiles/cmTC_c5bc6.dir/build
make[1]: Entering directory '/afs/ec.auckland.ac.nz/users/a/b/abli008/unixhome/Desktop/desktop_workspace/build/CMakeFiles/CMakeTmp'
Building C object CMakeFiles/cmTC_c5bc6.dir/CheckFunctionExists.c.o
/usr/bin/cc    -DCHECK_FUNCTION_EXISTS=pthread_create   -o CMakeFiles/cmTC_c5bc6.dir/CheckFunctionExists.c.o   -c /usr/share/cmake-3.5/Modules/CheckFunctionExists.c
Linking C executable cmTC_c5bc6
/usr/bin/cmake -E cmake_link_script CMakeFiles/cmTC_c5bc6.dir/link.txt --verbose=1
/usr/bin/cc   -DCHECK_FUNCTION_EXISTS=pthread_create    CMakeFiles/cmTC_c5bc6.dir/CheckFunctionExists.c.o  -o cmTC_c5bc6 -rdynamic -lpthreads 
/usr/bin/ld: cannot find -lpthreads
collect2: error: ld returned 1 exit status
CMakeFiles/cmTC_c5bc6.dir/build.make:97: recipe for target 'cmTC_c5bc6' failed
make[1]: *** [cmTC_c5bc6] Error 1
make[1]: Leaving directory '/afs/ec.auckland.ac.nz/users/a/b/abli008/unixhome/Desktop/desktop_workspace/build/CMakeFiles/CMakeTmp'
Makefile:126: recipe for target 'cmTC_c5bc6/fast' failed
make: *** [cmTC_c5bc6/fast] Error 2


Determining if the pthread_create exist failed with the following output:
Change Dir: /afs/ec.auckland.ac.nz/users/a/b/abli008/unixhome/Desktop/desktop_workspace/build/CMakeFiles/CMakeTmp

Run Build Command:"/usr/bin/make" "cmTC_be64f/fast"
/usr/bin/make -f CMakeFiles/cmTC_be64f.dir/build.make CMakeFiles/cmTC_be64f.dir/build
make[1]: Entering directory '/afs/ec.auckland.ac.nz/users/a/b/abli008/unixhome/Desktop/desktop_workspace/build/CMakeFiles/CMakeTmp'
Building C object CMakeFiles/cmTC_be64f.dir/CheckSymbolExists.c.o
/usr/bin/cc     -o CMakeFiles/cmTC_be64f.dir/CheckSymbolExists.c.o   -c /afs/ec.auckland.ac.nz/users/a/b/abli008/unixhome/Desktop/desktop_workspace/build/CMakeFiles/CMakeTmp/CheckSymbolExists.c
Linking C executable cmTC_be64f
/usr/bin/cmake -E cmake_link_script CMakeFiles/cmTC_be64f.dir/link.txt --verbose=1
/usr/bin/cc       CMakeFiles/cmTC_be64f.dir/CheckSymbolExists.c.o  -o cmTC_be64f -rdynamic 
CMakeFiles/cmTC_be64f.dir/CheckSymbolExists.c.o: In function `main':
CheckSymbolExists.c:(.text+0x16): undefined reference to `pthread_create'
collect2: error: ld returned 1 exit status
CMakeFiles/cmTC_be64f.dir/build.make:97: recipe for target 'cmTC_be64f' failed
make[1]: *** [cmTC_be64f] Error 1
make[1]: Leaving directory '/afs/ec.auckland.ac.nz/users/a/b/abli008/unixhome/Desktop/desktop_workspace/build/CMakeFiles/CMakeTmp'
Makefile:126: recipe for target 'cmTC_be64f/fast' failed
make: *** [cmTC_be64f/fast] Error 2

File /afs/ec.auckland.ac.nz/users/a/b/abli008/unixhome/Desktop/desktop_workspace/build/CMakeFiles/CMakeTmp/CheckSymbolExists.c:
/* */
#include <pthread.h>

int main(int argc, char** argv)
{
  (void)argv;
#ifndef pthread_create
  return ((int*)(&pthread_create))[argc];
#else
  (void)argc;
  return 0;
#endif
}

Determining if the function pthread_create exists in the pthreads failed with the following output:
Change Dir: /afs/ec.auckland.ac.nz/users/a/b/abli008/unixhome/Desktop/desktop_workspace/build/CMakeFiles/CMakeTmp

Run Build Command:"/usr/bin/make" "cmTC_8ad59/fast"
/usr/bin/make -f CMakeFiles/cmTC_8ad59.dir/build.make CMakeFiles/cmTC_8ad59.dir/build
make[1]: Entering directory '/afs/ec.auckland.ac.nz/users/a/b/abli008/unixhome/Desktop/desktop_workspace/build/CMakeFiles/CMakeTmp'
Building C object CMakeFiles/cmTC_8ad59.dir/CheckFunctionExists.c.o
/usr/bin/cc    -DCHECK_FUNCTION_EXISTS=pthread_create   -o CMakeFiles/cmTC_8ad59.dir/CheckFunctionExists.c.o   -c /usr/share/cmake-3.5/Modules/CheckFunctionExists.c
Linking C executable cmTC_8ad59
/usr/bin/cmake -E cmake_link_script CMakeFiles/cmTC_8ad59.dir/link.txt --verbose=1
/usr/bin/cc   -DCHECK_FUNCTION_EXISTS=pthread_create    CMakeFiles/cmTC_8ad59.dir/CheckFunctionExists.c.o  -o cmTC_8ad59 -rdynamic -lpthreads 
/usr/bin/ld: cannot find -lpthreads
collect2: error: ld returned 1 exit status
CMakeFiles/cmTC_8ad59.dir/build.make:97: recipe for target 'cmTC_8ad59' failed
make[1]: *** [cmTC_8ad59] Error 1
make[1]: Leaving directory '/afs/ec.auckland.ac.nz/users/a/b/abli008/unixhome/Desktop/desktop_workspace/build/CMakeFiles/CMakeTmp'
Makefile:126: recipe for target 'cmTC_8ad59/fast' failed
make: *** [cmTC_8ad59/fast] Error 2


Determining if the pthread_create exist failed with the following output:
Change Dir: /afs/ec.auckland.ac.nz/users/a/b/abli008/unixhome/Desktop/desktop_workspace/build/CMakeFiles/CMakeTmp

Run Build Command:"/usr/bin/make" "cmTC_daec4/fast"
/usr/bin/make -f CMakeFiles/cmTC_daec4.dir/build.make CMakeFiles/cmTC_daec4.dir/build
make[1]: Entering directory '/afs/ec.auckland.ac.nz/users/a/b/abli008/unixhome/Desktop/desktop_workspace/build/CMakeFiles/CMakeTmp'
Building C object CMakeFiles/cmTC_daec4.dir/CheckSymbolExists.c.o
/usr/bin/cc     -o CMakeFiles/cmTC_daec4.dir/CheckSymbolExists.c.o   -c /afs/ec.auckland.ac.nz/users/a/b/abli008/unixhome/Desktop/desktop_workspace/build/CMakeFiles/CMakeTmp/CheckSymbolExists.c
Linking C executable cmTC_daec4
/usr/bin/cmake -E cmake_link_script CMakeFiles/cmTC_daec4.dir/link.txt --verbose=1
/usr/bin/cc       CMakeFiles/cmTC_daec4.dir/CheckSymbolExists.c.o  -o cmTC_daec4 -rdynamic 
CMakeFiles/cmTC_daec4.dir/CheckSymbolExists.c.o: In function `main':
CheckSymbolExists.c:(.text+0x16): undefined reference to `pthread_create'
collect2: error: ld returned 1 exit status
CMakeFiles/cmTC_daec4.dir/build.make:97: recipe for target 'cmTC_daec4' failed
make[1]: *** [cmTC_daec4] Error 1
make[1]: Leaving directory '/afs/ec.auckland.ac.nz/users/a/b/abli008/unixhome/Desktop/desktop_workspace/build/CMakeFiles/CMakeTmp'
Makefile:126: recipe for target 'cmTC_daec4/fast' failed
make: *** [cmTC_daec4/fast] Error 2

File /afs/ec.auckland.ac.nz/users/a/b/abli008/unixhome/Desktop/desktop_workspace/build/CMakeFiles/CMakeTmp/CheckSymbolExists.c:
/* */
#include <pthread.h>

int main(int argc, char** argv)
{
  (void)argv;
#ifndef pthread_create
  return ((int*)(&pthread_create))[argc];
#else
  (void)argc;
  return 0;
#endif
}

Determining if the function pthread_create exists in the pthreads failed with the following output:
Change Dir: /afs/ec.auckland.ac.nz/users/a/b/abli008/unixhome/Desktop/desktop_workspace/build/CMakeFiles/CMakeTmp

Run Build Command:"/usr/bin/make" "cmTC_7e63a/fast"
/usr/bin/make -f CMakeFiles/cmTC_7e63a.dir/build.make CMakeFiles/cmTC_7e63a.dir/build
make[1]: Entering directory '/afs/ec.auckland.ac.nz/users/a/b/abli008/unixhome/Desktop/desktop_workspace/build/CMakeFiles/CMakeTmp'
Building C object CMakeFiles/cmTC_7e63a.dir/CheckFunctionExists.c.o
/usr/bin/cc    -DCHECK_FUNCTION_EXISTS=pthread_create   -o CMakeFiles/cmTC_7e63a.dir/CheckFunctionExists.c.o   -c /usr/share/cmake-3.5/Modules/CheckFunctionExists.c
Linking C executable cmTC_7e63a
/usr/bin/cmake -E cmake_link_script CMakeFiles/cmTC_7e63a.dir/link.txt --verbose=1
/usr/bin/cc   -DCHECK_FUNCTION_EXISTS=pthread_create    CMakeFiles/cmTC_7e63a.dir/CheckFunctionExists.c.o  -o cmTC_7e63a -rdynamic -lpthreads 
/usr/bin/ld: cannot find -lpthreads
collect2: error: ld returned 1 exit status
CMakeFiles/cmTC_7e63a.dir/build.make:97: recipe for target 'cmTC_7e63a' failed
make[1]: *** [cmTC_7e63a] Error 1
make[1]: Leaving directory '/afs/ec.auckland.ac.nz/users/a/b/abli008/unixhome/Desktop/desktop_workspace/build/CMakeFiles/CMakeTmp'
Makefile:126: recipe for target 'cmTC_7e63a/fast' failed
make: *** [cmTC_7e63a/fast] Error 2


Determining if the pthread_create exist failed with the following output:
Change Dir: /afs/ec.auckland.ac.nz/users/a/b/abli008/unixhome/Desktop/desktop_workspace/build/CMakeFiles/CMakeTmp

Run Build Command:"/usr/bin/make" "cmTC_fb881/fast"
/usr/bin/make -f CMakeFiles/cmTC_fb881.dir/build.make CMakeFiles/cmTC_fb881.dir/build
make[1]: Entering directory '/afs/ec.auckland.ac.nz/users/a/b/abli008/unixhome/Desktop/desktop_workspace/build/CMakeFiles/CMakeTmp'
Building C object CMakeFiles/cmTC_fb881.dir/CheckSymbolExists.c.o
/usr/bin/cc     -o CMakeFiles/cmTC_fb881.dir/CheckSymbolExists.c.o   -c /afs/ec.auckland.ac.nz/users/a/b/abli008/unixhome/Desktop/desktop_workspace/build/CMakeFiles/CMakeTmp/CheckSymbolExists.c
Linking C executable cmTC_fb881
/usr/bin/cmake -E cmake_link_script CMakeFiles/cmTC_fb881.dir/link.txt --verbose=1
/usr/bin/cc       CMakeFiles/cmTC_fb881.dir/CheckSymbolExists.c.o  -o cmTC_fb881 -rdynamic 
CMakeFiles/cmTC_fb881.dir/CheckSymbolExists.c.o: In function `main':
CheckSymbolExists.c:(.text+0x16): undefined reference to `pthread_create'
collect2: error: ld returned 1 exit status
CMakeFiles/cmTC_fb881.dir/build.make:97: recipe for target 'cmTC_fb881' failed
make[1]: *** [cmTC_fb881] Error 1
make[1]: Leaving directory '/afs/ec.auckland.ac.nz/users/a/b/abli008/unixhome/Desktop/desktop_workspace/build/CMakeFiles/CMakeTmp'
Makefile:126: recipe for target 'cmTC_fb881/fast' failed
make: *** [cmTC_fb881/fast] Error 2

File /afs/ec.auckland.ac.nz/users/a/b/abli008/unixhome/Desktop/desktop_workspace/build/CMakeFiles/CMakeTmp/CheckSymbolExists.c:
/* */
#include <pthread.h>

int main(int argc, char** argv)
{
  (void)argv;
#ifndef pthread_create
  return ((int*)(&pthread_create))[argc];
#else
  (void)argc;
  return 0;
#endif
}

Determining if the function pthread_create exists in the pthreads failed with the following output:
Change Dir: /afs/ec.auckland.ac.nz/users/a/b/abli008/unixhome/Desktop/desktop_workspace/build/CMakeFiles/CMakeTmp

Run Build Command:"/usr/bin/make" "cmTC_4e468/fast"
/usr/bin/make -f CMakeFiles/cmTC_4e468.dir/build.make CMakeFiles/cmTC_4e468.dir/build
make[1]: Entering directory '/afs/ec.auckland.ac.nz/users/a/b/abli008/unixhome/Desktop/desktop_workspace/build/CMakeFiles/CMakeTmp'
Building C object CMakeFiles/cmTC_4e468.dir/CheckFunctionExists.c.o
/usr/bin/cc    -DCHECK_FUNCTION_EXISTS=pthread_create   -o CMakeFiles/cmTC_4e468.dir/CheckFunctionExists.c.o   -c /usr/share/cmake-3.5/Modules/CheckFunctionExists.c
Linking C executable cmTC_4e468
/usr/bin/cmake -E cmake_link_script CMakeFiles/cmTC_4e468.dir/link.txt --verbose=1
/usr/bin/cc   -DCHECK_FUNCTION_EXISTS=pthread_create    CMakeFiles/cmTC_4e468.dir/CheckFunctionExists.c.o  -o cmTC_4e468 -rdynamic -lpthreads 
/usr/bin/ld: cannot find -lpthreads
collect2: error: ld returned 1 exit status
CMakeFiles/cmTC_4e468.dir/build.make:97: recipe for target 'cmTC_4e468' failed
make[1]: *** [cmTC_4e468] Error 1
make[1]: Leaving directory '/afs/ec.auckland.ac.nz/users/a/b/abli008/unixhome/Desktop/desktop_workspace/build/CMakeFiles/CMakeTmp'
Makefile:126: recipe for target 'cmTC_4e468/fast' failed
make: *** [cmTC_4e468/fast] Error 2


Determining if the pthread_create exist failed with the following output:
Change Dir: /afs/ec.auckland.ac.nz/users/a/b/abli008/unixhome/Desktop/desktop_workspace/build/CMakeFiles/CMakeTmp

Run Build Command:"/usr/bin/make" "cmTC_43ae3/fast"
/usr/bin/make -f CMakeFiles/cmTC_43ae3.dir/build.make CMakeFiles/cmTC_43ae3.dir/build
make[1]: Entering directory '/afs/ec.auckland.ac.nz/users/a/b/abli008/unixhome/Desktop/desktop_workspace/build/CMakeFiles/CMakeTmp'
Building C object CMakeFiles/cmTC_43ae3.dir/CheckSymbolExists.c.o
/usr/bin/cc     -o CMakeFiles/cmTC_43ae3.dir/CheckSymbolExists.c.o   -c /afs/ec.auckland.ac.nz/users/a/b/abli008/unixhome/Desktop/desktop_workspace/build/CMakeFiles/CMakeTmp/CheckSymbolExists.c
Linking C executable cmTC_43ae3
/usr/bin/cmake -E cmake_link_script CMakeFiles/cmTC_43ae3.dir/link.txt --verbose=1
/usr/bin/cc       CMakeFiles/cmTC_43ae3.dir/CheckSymbolExists.c.o  -o cmTC_43ae3 -rdynamic 
CMakeFiles/cmTC_43ae3.dir/CheckSymbolExists.c.o: In function `main':
CheckSymbolExists.c:(.text+0x16): undefined reference to `pthread_create'
collect2: error: ld returned 1 exit status
CMakeFiles/cmTC_43ae3.dir/build.make:97: recipe for target 'cmTC_43ae3' failed
make[1]: *** [cmTC_43ae3] Error 1
make[1]: Leaving directory '/afs/ec.auckland.ac.nz/users/a/b/abli008/unixhome/Desktop/desktop_workspace/build/CMakeFiles/CMakeTmp'
Makefile:126: recipe for target 'cmTC_43ae3/fast' failed
make: *** [cmTC_43ae3/fast] Error 2

File /afs/ec.auckland.ac.nz/users/a/b/abli008/unixhome/Desktop/desktop_workspace/build/CMakeFiles/CMakeTmp/CheckSymbolExists.c:
/* */
#include <pthread.h>

int main(int argc, char** argv)
{
  (void)argv;
#ifndef pthread_create
  return ((int*)(&pthread_create))[argc];
#else
  (void)argc;
  return 0;
#endif
}

Determining if the function pthread_create exists in the pthreads failed with the following output:
Change Dir: /afs/ec.auckland.ac.nz/users/a/b/abli008/unixhome/Desktop/desktop_workspace/build/CMakeFiles/CMakeTmp

Run Build Command:"/usr/bin/make" "cmTC_6d421/fast"
/usr/bin/make -f CMakeFiles/cmTC_6d421.dir/build.make CMakeFiles/cmTC_6d421.dir/build
make[1]: Entering directory '/afs/ec.auckland.ac.nz/users/a/b/abli008/unixhome/Desktop/desktop_workspace/build/CMakeFiles/CMakeTmp'
Building C object CMakeFiles/cmTC_6d421.dir/CheckFunctionExists.c.o
/usr/bin/cc    -DCHECK_FUNCTION_EXISTS=pthread_create   -o CMakeFiles/cmTC_6d421.dir/CheckFunctionExists.c.o   -c /usr/share/cmake-3.5/Modules/CheckFunctionExists.c
Linking C executable cmTC_6d421
/usr/bin/cmake -E cmake_link_script CMakeFiles/cmTC_6d421.dir/link.txt --verbose=1
/usr/bin/cc   -DCHECK_FUNCTION_EXISTS=pthread_create    CMakeFiles/cmTC_6d421.dir/CheckFunctionExists.c.o  -o cmTC_6d421 -rdynamic -lpthreads 
/usr/bin/ld: cannot find -lpthreads
collect2: error: ld returned 1 exit status
CMakeFiles/cmTC_6d421.dir/build.make:97: recipe for target 'cmTC_6d421' failed
make[1]: *** [cmTC_6d421] Error 1
make[1]: Leaving directory '/afs/ec.auckland.ac.nz/users/a/b/abli008/unixhome/Desktop/desktop_workspace/build/CMakeFiles/CMakeTmp'
Makefile:126: recipe for target 'cmTC_6d421/fast' failed
make: *** [cmTC_6d421/fast] Error 2


